TN:
SF:/Users/przbatte/Projects/private_no3_messaging/src/common/FixMLMessage.js
FN:7,(anonymous_0)
FN:20,(anonymous_1)
FN:24,(anonymous_2)
FNF:3
FNH:3
FNDA:2,(anonymous_0)
FNDA:1,(anonymous_1)
FNDA:1,(anonymous_2)
DA:1,1
DA:3,1
DA:4,1
DA:8,2
DA:9,0
DA:12,2
DA:17,2
DA:21,1
DA:25,1
DA:31,1
DA:40,1
DA:44,1
LF:12
LH:11
BRDA:8,0,0,0
BRDA:8,0,1,2
BRF:2
BRH:1
end_of_record
TN:
SF:/Users/przbatte/Projects/private_no3_messaging/src/common/ObjectType.js
FN:4,(anonymous_0)
FN:8,(anonymous_1)
FN:12,(anonymous_2)
FNF:3
FNH:3
FNDA:4,(anonymous_0)
FNDA:4,(anonymous_1)
FNDA:3,(anonymous_2)
DA:1,1
DA:5,4
DA:9,4
DA:13,3
DA:14,3
DA:15,12
DA:16,12
DA:17,3
DA:20,0
DA:24,1
LF:10
LH:9
BRDA:16,0,0,3
BRDA:16,0,1,9
BRDA:16,1,0,12
BRDA:16,1,1,3
BRF:4
BRH:4
end_of_record
TN:
SF:/Users/przbatte/Projects/private_no3_messaging/src/common/parseXmlString.js
FN:9,(anonymous_0)
FN:10,(anonymous_1)
FN:11,(anonymous_2)
FNF:3
FNH:3
FNDA:1,(anonymous_0)
FNDA:1,(anonymous_1)
FNDA:1,(anonymous_2)
DA:1,1
DA:3,1
DA:9,1
DA:10,1
DA:11,1
DA:12,1
DA:13,0
DA:15,1
LF:8
LH:7
BRDA:9,0,0,1
BRDA:12,1,0,0
BRDA:12,1,1,1
BRF:3
BRH:2
end_of_record
TN:
SF:/Users/przbatte/Projects/private_no3_messaging/src/user/UserRequest.js
FN:13,(anonymous_0)
FN:29,(anonymous_1)
FN:33,(anonymous_2)
FN:46,(anonymous_3)
FN:50,(anonymous_4)
FN:54,(anonymous_5)
FN:58,(anonymous_6)
FN:62,(anonymous_7)
FN:72,(anonymous_8)
FN:86,(anonymous_9)
FNF:10
FNH:9
FNDA:2,(anonymous_0)
FNDA:2,(anonymous_1)
FNDA:3,(anonymous_2)
FNDA:2,(anonymous_3)
FNDA:2,(anonymous_4)
FNDA:2,(anonymous_5)
FNDA:0,(anonymous_6)
FNDA:1,(anonymous_7)
FNDA:1,(anonymous_8)
FNDA:1,(anonymous_9)
DA:1,1
DA:2,1
DA:3,1
DA:5,1
DA:6,1
DA:7,1
DA:8,1
DA:9,1
DA:10,1
DA:20,2
DA:22,2
DA:23,2
DA:24,2
DA:25,2
DA:26,2
DA:30,2
DA:34,3
DA:36,3
DA:37,0
DA:40,3
DA:47,2
DA:51,2
DA:55,2
DA:59,0
DA:63,1
DA:73,1
DA:83,1
DA:87,1
DA:89,1
DA:99,1
LF:30
LH:28
BRDA:13,0,0,0
BRDA:15,1,0,0
BRDA:16,2,0,0
BRDA:17,3,0,0
BRDA:23,4,0,0
BRDA:23,4,1,2
BRDA:36,5,0,0
BRDA:36,5,1,3
BRDA:76,6,0,1
BRDA:76,6,1,0
BRDA:90,7,0,1
BRDA:90,7,1,1
BRF:12
BRH:5
end_of_record
TN:
SF:/Users/przbatte/Projects/private_no3_messaging/src/user/UserRequestType.js
FN:4,(anonymous_0)
FN:8,(anonymous_1)
FN:14,(anonymous_2)
FN:20,(anonymous_3)
FN:26,(anonymous_4)
FN:32,(anonymous_5)
FNF:6
FNH:6
FNDA:4,(anonymous_0)
FNDA:3,(anonymous_1)
FNDA:1,(anonymous_2)
FNDA:1,(anonymous_3)
FNDA:1,(anonymous_4)
FNDA:1,(anonymous_5)
DA:1,1
DA:5,4
DA:9,3
DA:15,1
DA:21,1
DA:27,1
DA:33,1
DA:37,1
DA:38,1
DA:39,1
DA:40,1
DA:42,1
LF:12
LH:12
BRF:0
BRH:0
end_of_record
